c:\gierki\2d\projects\sat\sat\x64\debug\vc143.pdb
c:\gierki\2d\projects\sat\sat\x64\debug\vc143.idb
c:\gierki\2d\projects\sat\sat\x64\debug\main.obj
c:\gierki\2d\projects\sat\sat\x64\debug\collisions.obj
c:\gierki\2d\projects\sat\sat\x64\debug\sat.exe
c:\gierki\2d\projects\sat\sat\x64\debug\sat.ilk
c:\gierki\2d\projects\sat\sat\x64\debug\sat.pdb
c:\gierki\2d\projects\sat\sat\x64\debug\sfml-graphics-d-2.dll
c:\gierki\2d\projects\sat\sat\x64\debug\sfml-window-d-2.dll
c:\gierki\2d\projects\sat\sat\x64\debug\sfml-system-d-2.dll
c:\gierki\2d\projects\sat\sat\x64\debug\freetyped.dll
c:\gierki\2d\projects\sat\sat\x64\debug\zlibd1.dll
c:\gierki\2d\projects\sat\sat\x64\debug\bz2d.dll
c:\gierki\2d\projects\sat\sat\x64\debug\libpng16d.dll
c:\gierki\2d\projects\sat\sat\x64\debug\brotlidec.dll
c:\gierki\2d\projects\sat\sat\x64\debug\brotlicommon.dll
c:\gierki\2d\projects\sat\sat\x64\debug\sat.tlog\cl.command.1.tlog
c:\gierki\2d\projects\sat\sat\x64\debug\sat.tlog\cl.items.tlog
c:\gierki\2d\projects\sat\sat\x64\debug\sat.tlog\cl.read.1.tlog
c:\gierki\2d\projects\sat\sat\x64\debug\sat.tlog\cl.write.1.tlog
c:\gierki\2d\projects\sat\sat\x64\debug\sat.tlog\link.command.1.tlog
c:\gierki\2d\projects\sat\sat\x64\debug\sat.tlog\link.read.1.tlog
c:\gierki\2d\projects\sat\sat\x64\debug\sat.tlog\link.write.1.tlog
c:\gierki\2d\projects\sat\sat\x64\debug\sat.tlog\sat.write.1u.tlog
